2023-08-04 09:48:01 [WARNING]  - 16936
2023-08-04 09:48:01 [DEBUG]  - 3462
2023-08-04 09:48:01 [WARNING]  - 680
2023-08-04 09:48:01 [INFO]  - 29898
2023-08-04 09:48:01 [WARNING]  - 29092
2023-08-04 09:48:01 [CRITICAL]  - 2554
2023-08-04 09:48:01 [ERROR] Disk full - 10907
2023-08-04 09:48:01 [WARNING]  - 9321
2023-08-04 09:48:01 [INFO]  - 622
2023-08-04 09:48:01 [ERROR] Disk full - 234
2023-08-04 09:48:01 [DEBUG]  - 21060
2023-08-04 09:48:01 [CRITICAL]  - 2837
2023-08-04 09:48:01 [CRITICAL]  - 1659
2023-08-04 09:48:01 [WARNING]  - 19540
2023-08-04 09:48:01 [DEBUG]  - 31226
2023-08-04 09:48:01 [ERROR] Segmentation fault - 5845
2023-08-04 09:48:01 [CRITICAL]  - 26895
2023-08-04 09:48:01 [DEBUG]  - 10507
2023-08-04 09:48:01 [ERROR] Out of memory - 29574
2023-08-04 09:48:01 [ERROR] Segmentation fault - 771
2023-08-04 09:48:01 [DEBUG]  - 24775
2023-08-04 09:48:01 [CRITICAL]  - 5318
2023-08-04 09:48:01 [INFO]  - 19463
2023-08-04 09:48:01 [WARNING]  - 14941
2023-08-04 09:48:01 [WARNING]  - 17873
2023-08-04 09:48:01 [INFO]  - 20680
2023-08-04 09:48:01 [ERROR] Out of memory - 23010
2023-08-04 09:48:01 [CRITICAL]  - 31619
2023-08-04 09:48:01 [WARNING]  - 6133
2023-08-04 09:48:01 [CRITICAL]  - 4730
2023-08-04 09:48:01 [INFO]  - 25706
2023-08-04 09:48:01 [WARNING]  - 8033
2023-08-04 09:48:01 [INFO]  - 22247
2023-08-04 09:48:01 [CRITICAL]  - 28173
2023-08-04 09:48:01 [DEBUG]  - 8667
2023-08-04 09:48:01 [INFO]  - 6587
2023-08-04 09:48:01 [DEBUG]  - 28708
2023-08-04 09:48:01 [ERROR] Failed to connect - 31859
2023-08-04 09:48:01 [WARNING]  - 31194
2023-08-04 09:48:01 [DEBUG]  - 26111
2023-08-04 09:48:01 [WARNING]  - 12736
2023-08-04 09:48:01 [DEBUG]  - 9456
2023-08-04 09:48:01 [DEBUG]  - 4903
2023-08-04 09:48:01 [ERROR] Failed to connect - 23667
2023-08-04 09:48:01 [INFO]  - 29766
2023-08-04 09:48:01 [INFO]  - 30698
2023-08-04 09:48:01 [ERROR] Disk full - 22485
2023-08-04 09:48:01 [ERROR] Disk full - 24645
2023-08-04 09:48:01 [CRITICAL]  - 14391
2023-08-04 09:48:01 [WARNING]  - 8792
